------------------------------Start------------------------------
2017-06-19 16:21:31.3167 - ERROR:未将对象引用设置到对象的实例。System.NullReferenceException: 未将对象引用设置到对象的实例。
   在 Repository.UserInfoDataRepository.<Login>d__2.MoveNext() 位置 C:\Users\GaoShouXi\Desktop\B2CWebTemplate\Repository\UserInfoDataRepository.cs:行号 34
--- 引发异常的上一位置中堆栈跟踪的末尾 ---
   在 System.Runtime.CompilerServices.TaskAwaiter.ThrowForNonSuccess(Task task)
   在 System.Runtime.CompilerServices.TaskAwaiter.HandleNonSuccessAndDebuggerNotification(Task task)
   在 System.Runtime.CompilerServices.TaskAwaiter`1.GetResult()
   在 BLL.UserInfoService.<Login>d__2.MoveNext() 位置 C:\Users\GaoShouXi\Desktop\B2CWebTemplate\BLL\UserInfoService.cs:行号 16
--- 引发异常的上一位置中堆栈跟踪的末尾 ---
   在 System.Runtime.CompilerServices.TaskAwaiter.ThrowForNonSuccess(Task task)
   在 System.Runtime.CompilerServices.TaskAwaiter.HandleNonSuccessAndDebuggerNotification(Task task)
   在 System.Runtime.CompilerServices.TaskAwaiter`1.GetResult()
   在 B2CWebTemplate.Controllers.LoginController.<BaseLogin>d__7.MoveNext() 位置 C:\Users\GaoShouXi\Desktop\B2CWebTemplate\B2CWebTemplate\Controllers\LoginController.cs:行号 50
--- 引发异常的上一位置中堆栈跟踪的末尾 ---
   在 System.Runtime.CompilerServices.TaskAwaiter.ThrowForNonSuccess(Task task)
   在 System.Runtime.CompilerServices.TaskAwaiter.HandleNonSuccessAndDebuggerNotification(Task task)
   在 System.Web.Mvc.Async.TaskAsyncActionDescriptor.EndExecute(IAsyncResult asyncResult)
   在 System.Web.Mvc.Async.AsyncControllerActionInvoker.<>c__DisplayClass37.<BeginInvokeAsynchronousActionMethod>b__36(IAsyncResult asyncResult)
   在 System.Web.Mvc.Async.AsyncResultWrapper.WrappedAsyncResult`1.CallEndDelegate(IAsyncResult asyncResult)
   在 System.Web.Mvc.Async.AsyncResultWrapper.WrappedAsyncResultBase`1.End()
   在 System.Web.Mvc.Async.AsyncControllerActionInvoker.EndInvokeActionMethod(IAsyncResult asyncResult)
   在 System.Web.Mvc.Async.AsyncControllerActionInvoker.AsyncInvocationWithFilters.<InvokeActionMethodFilterAsynchronouslyRecursive>b__3d()
   在 System.Web.Mvc.Async.AsyncControllerActionInvoker.AsyncInvocationWithFilters.<>c__DisplayClass46.<InvokeActionMethodFilterAsynchronouslyRecursive>b__3f()
   在 System.Web.Mvc.Async.AsyncControllerActionInvoker.<>c__DisplayClass33.<BeginInvokeActionMethodWithFilters>b__32(IAsyncResult asyncResult)
   在 System.Web.Mvc.Async.AsyncResultWrapper.WrappedAsyncResult`1.CallEndDelegate(IAsyncResult asyncResult)
   在 System.Web.Mvc.Async.AsyncResultWrapper.WrappedAsyncResultBase`1.End()
   在 System.Web.Mvc.Async.AsyncControllerActionInvoker.EndInvokeActionMethodWithFilters(IAsyncResult asyncResult)
   在 System.Web.Mvc.Async.AsyncControllerActionInvoker.<>c__DisplayClass21.<>c__DisplayClass2b.<BeginInvokeAction>b__1c()
   在 System.Web.Mvc.Async.AsyncControllerActionInvoker.<>c__DisplayClass21.<BeginInvokeAction>b__1e(IAsyncResult asyncResult) LogService.NLogWriter.WriteLogInfo(C:\Users\GaoShouXi\Desktop\B2CWebTemplate\LogService\NLogWriter.cs:15) 
2017-06-19 16:25:53.4069 - ERROR:未将对象引用设置到对象的实例。System.NullReferenceException: 未将对象引用设置到对象的实例。
   在 Repository.UserInfoDataRepository.<Login>d__2.MoveNext() 位置 C:\Users\GaoShouXi\Desktop\B2CWebTemplate\Repository\UserInfoDataRepository.cs:行号 34
--- 引发异常的上一位置中堆栈跟踪的末尾 ---
   在 System.Runtime.CompilerServices.TaskAwaiter.ThrowForNonSuccess(Task task)
   在 System.Runtime.CompilerServices.TaskAwaiter.HandleNonSuccessAndDebuggerNotification(Task task)
   在 System.Runtime.CompilerServices.TaskAwaiter`1.GetResult()
   在 BLL.UserInfoService.<Login>d__2.MoveNext() 位置 C:\Users\GaoShouXi\Desktop\B2CWebTemplate\BLL\UserInfoService.cs:行号 16
--- 引发异常的上一位置中堆栈跟踪的末尾 ---
   在 System.Runtime.CompilerServices.TaskAwaiter.ThrowForNonSuccess(Task task)
   在 System.Runtime.CompilerServices.TaskAwaiter.HandleNonSuccessAndDebuggerNotification(Task task)
   在 System.Runtime.CompilerServices.TaskAwaiter`1.GetResult()
   在 B2CWebTemplate.Controllers.LoginController.<BaseLogin>d__7.MoveNext() 位置 C:\Users\GaoShouXi\Desktop\B2CWebTemplate\B2CWebTemplate\Controllers\LoginController.cs:行号 50
--- 引发异常的上一位置中堆栈跟踪的末尾 ---
   在 System.Runtime.CompilerServices.TaskAwaiter.ThrowForNonSuccess(Task task)
   在 System.Runtime.CompilerServices.TaskAwaiter.HandleNonSuccessAndDebuggerNotification(Task task)
   在 System.Web.Mvc.Async.TaskAsyncActionDescriptor.EndExecute(IAsyncResult asyncResult)
   在 System.Web.Mvc.Async.AsyncControllerActionInvoker.<>c__DisplayClass37.<BeginInvokeAsynchronousActionMethod>b__36(IAsyncResult asyncResult)
   在 System.Web.Mvc.Async.AsyncResultWrapper.WrappedAsyncResult`1.CallEndDelegate(IAsyncResult asyncResult)
   在 System.Web.Mvc.Async.AsyncResultWrapper.WrappedAsyncResultBase`1.End()
   在 System.Web.Mvc.Async.AsyncControllerActionInvoker.EndInvokeActionMethod(IAsyncResult asyncResult)
   在 System.Web.Mvc.Async.AsyncControllerActionInvoker.AsyncInvocationWithFilters.<InvokeActionMethodFilterAsynchronouslyRecursive>b__3d()
   在 System.Web.Mvc.Async.AsyncControllerActionInvoker.AsyncInvocationWithFilters.<>c__DisplayClass46.<InvokeActionMethodFilterAsynchronouslyRecursive>b__3f()
   在 System.Web.Mvc.Async.AsyncControllerActionInvoker.<>c__DisplayClass33.<BeginInvokeActionMethodWithFilters>b__32(IAsyncResult asyncResult)
   在 System.Web.Mvc.Async.AsyncResultWrapper.WrappedAsyncResult`1.CallEndDelegate(IAsyncResult asyncResult)
   在 System.Web.Mvc.Async.AsyncResultWrapper.WrappedAsyncResultBase`1.End()
   在 System.Web.Mvc.Async.AsyncControllerActionInvoker.EndInvokeActionMethodWithFilters(IAsyncResult asyncResult)
   在 System.Web.Mvc.Async.AsyncControllerActionInvoker.<>c__DisplayClass21.<>c__DisplayClass2b.<BeginInvokeAction>b__1c()
   在 System.Web.Mvc.Async.AsyncControllerActionInvoker.<>c__DisplayClass21.<BeginInvokeAction>b__1e(IAsyncResult asyncResult) LogService.NLogWriter.WriteLogInfo(C:\Users\GaoShouXi\Desktop\B2CWebTemplate\LogService\NLogWriter.cs:15) 
2017-06-19 16:26:45.9202 - ERROR:未将对象引用设置到对象的实例。System.NullReferenceException: 未将对象引用设置到对象的实例。
   在 Repository.UserInfoDataRepository.<Login>d__2.MoveNext() 位置 C:\Users\GaoShouXi\Desktop\B2CWebTemplate\Repository\UserInfoDataRepository.cs:行号 34
--- 引发异常的上一位置中堆栈跟踪的末尾 ---
   在 System.Runtime.CompilerServices.TaskAwaiter.ThrowForNonSuccess(Task task)
   在 System.Runtime.CompilerServices.TaskAwaiter.HandleNonSuccessAndDebuggerNotification(Task task)
   在 System.Runtime.CompilerServices.TaskAwaiter`1.GetResult()
   在 BLL.UserInfoService.<Login>d__2.MoveNext() 位置 C:\Users\GaoShouXi\Desktop\B2CWebTemplate\BLL\UserInfoService.cs:行号 16
--- 引发异常的上一位置中堆栈跟踪的末尾 ---
   在 System.Runtime.CompilerServices.TaskAwaiter.ThrowForNonSuccess(Task task)
   在 System.Runtime.CompilerServices.TaskAwaiter.HandleNonSuccessAndDebuggerNotification(Task task)
   在 System.Runtime.CompilerServices.TaskAwaiter`1.GetResult()
   在 B2CWebTemplate.Controllers.LoginController.<BaseLogin>d__7.MoveNext() 位置 C:\Users\GaoShouXi\Desktop\B2CWebTemplate\B2CWebTemplate\Controllers\LoginController.cs:行号 50
--- 引发异常的上一位置中堆栈跟踪的末尾 ---
   在 System.Runtime.CompilerServices.TaskAwaiter.ThrowForNonSuccess(Task task)
   在 System.Runtime.CompilerServices.TaskAwaiter.HandleNonSuccessAndDebuggerNotification(Task task)
   在 System.Web.Mvc.Async.TaskAsyncActionDescriptor.EndExecute(IAsyncResult asyncResult)
   在 System.Web.Mvc.Async.AsyncControllerActionInvoker.<>c__DisplayClass37.<BeginInvokeAsynchronousActionMethod>b__36(IAsyncResult asyncResult)
   在 System.Web.Mvc.Async.AsyncResultWrapper.WrappedAsyncResult`1.CallEndDelegate(IAsyncResult asyncResult)
   在 System.Web.Mvc.Async.AsyncResultWrapper.WrappedAsyncResultBase`1.End()
   在 System.Web.Mvc.Async.AsyncControllerActionInvoker.EndInvokeActionMethod(IAsyncResult asyncResult)
   在 System.Web.Mvc.Async.AsyncControllerActionInvoker.AsyncInvocationWithFilters.<InvokeActionMethodFilterAsynchronouslyRecursive>b__3d()
   在 System.Web.Mvc.Async.AsyncControllerActionInvoker.AsyncInvocationWithFilters.<>c__DisplayClass46.<InvokeActionMethodFilterAsynchronouslyRecursive>b__3f()
   在 System.Web.Mvc.Async.AsyncControllerActionInvoker.<>c__DisplayClass33.<BeginInvokeActionMethodWithFilters>b__32(IAsyncResult asyncResult)
   在 System.Web.Mvc.Async.AsyncResultWrapper.WrappedAsyncResult`1.CallEndDelegate(IAsyncResult asyncResult)
   在 System.Web.Mvc.Async.AsyncResultWrapper.WrappedAsyncResultBase`1.End()
   在 System.Web.Mvc.Async.AsyncControllerActionInvoker.EndInvokeActionMethodWithFilters(IAsyncResult asyncResult)
   在 System.Web.Mvc.Async.AsyncControllerActionInvoker.<>c__DisplayClass21.<>c__DisplayClass2b.<BeginInvokeAction>b__1c()
   在 System.Web.Mvc.Async.AsyncControllerActionInvoker.<>c__DisplayClass21.<BeginInvokeAction>b__1e(IAsyncResult asyncResult) LogService.NLogWriter.WriteLogInfo(C:\Users\GaoShouXi\Desktop\B2CWebTemplate\LogService\NLogWriter.cs:15) 
2017-06-19 16:28:45.5783 - ERROR:未将对象引用设置到对象的实例。System.NullReferenceException: 未将对象引用设置到对象的实例。
   在 Repository.UserInfoDataRepository.<Login>d__2.MoveNext() 位置 C:\Users\GaoShouXi\Desktop\B2CWebTemplate\Repository\UserInfoDataRepository.cs:行号 34
--- 引发异常的上一位置中堆栈跟踪的末尾 ---
   在 System.Runtime.CompilerServices.TaskAwaiter.ThrowForNonSuccess(Task task)
   在 System.Runtime.CompilerServices.TaskAwaiter.HandleNonSuccessAndDebuggerNotification(Task task)
   在 System.Runtime.CompilerServices.TaskAwaiter`1.GetResult()
   在 BLL.UserInfoService.<Login>d__2.MoveNext() 位置 C:\Users\GaoShouXi\Desktop\B2CWebTemplate\BLL\UserInfoService.cs:行号 16
--- 引发异常的上一位置中堆栈跟踪的末尾 ---
   在 System.Runtime.CompilerServices.TaskAwaiter.ThrowForNonSuccess(Task task)
   在 System.Runtime.CompilerServices.TaskAwaiter.HandleNonSuccessAndDebuggerNotification(Task task)
   在 System.Runtime.CompilerServices.TaskAwaiter`1.GetResult()
   在 B2CWebTemplate.Controllers.LoginController.<BaseLogin>d__7.MoveNext() 位置 C:\Users\GaoShouXi\Desktop\B2CWebTemplate\B2CWebTemplate\Controllers\LoginController.cs:行号 50
--- 引发异常的上一位置中堆栈跟踪的末尾 ---
   在 System.Runtime.CompilerServices.TaskAwaiter.ThrowForNonSuccess(Task task)
   在 System.Runtime.CompilerServices.TaskAwaiter.HandleNonSuccessAndDebuggerNotification(Task task)
   在 System.Web.Mvc.Async.TaskAsyncActionDescriptor.EndExecute(IAsyncResult asyncResult)
   在 System.Web.Mvc.Async.AsyncControllerActionInvoker.<>c__DisplayClass37.<BeginInvokeAsynchronousActionMethod>b__36(IAsyncResult asyncResult)
   在 System.Web.Mvc.Async.AsyncResultWrapper.WrappedAsyncResult`1.CallEndDelegate(IAsyncResult asyncResult)
   在 System.Web.Mvc.Async.AsyncResultWrapper.WrappedAsyncResultBase`1.End()
   在 System.Web.Mvc.Async.AsyncControllerActionInvoker.EndInvokeActionMethod(IAsyncResult asyncResult)
   在 System.Web.Mvc.Async.AsyncControllerActionInvoker.AsyncInvocationWithFilters.<InvokeActionMethodFilterAsynchronouslyRecursive>b__3d()
   在 System.Web.Mvc.Async.AsyncControllerActionInvoker.AsyncInvocationWithFilters.<>c__DisplayClass46.<InvokeActionMethodFilterAsynchronouslyRecursive>b__3f()
   在 System.Web.Mvc.Async.AsyncControllerActionInvoker.<>c__DisplayClass33.<BeginInvokeActionMethodWithFilters>b__32(IAsyncResult asyncResult)
   在 System.Web.Mvc.Async.AsyncResultWrapper.WrappedAsyncResult`1.CallEndDelegate(IAsyncResult asyncResult)
   在 System.Web.Mvc.Async.AsyncResultWrapper.WrappedAsyncResultBase`1.End()
   在 System.Web.Mvc.Async.AsyncControllerActionInvoker.EndInvokeActionMethodWithFilters(IAsyncResult asyncResult)
   在 System.Web.Mvc.Async.AsyncControllerActionInvoker.<>c__DisplayClass21.<>c__DisplayClass2b.<BeginInvokeAction>b__1c()
   在 System.Web.Mvc.Async.AsyncControllerActionInvoker.<>c__DisplayClass21.<BeginInvokeAction>b__1e(IAsyncResult asyncResult) LogService.NLogWriter.WriteLogInfo(C:\Users\GaoShouXi\Desktop\B2CWebTemplate\LogService\NLogWriter.cs:15) 
2017-06-19 16:30:26.3171 - ERROR:未将对象引用设置到对象的实例。System.NullReferenceException: 未将对象引用设置到对象的实例。
   在 Repository.UserInfoDataRepository.<Login>d__2.MoveNext() 位置 C:\Users\GaoShouXi\Desktop\B2CWebTemplate\Repository\UserInfoDataRepository.cs:行号 34
--- 引发异常的上一位置中堆栈跟踪的末尾 ---
   在 System.Runtime.CompilerServices.TaskAwaiter.ThrowForNonSuccess(Task task)
   在 System.Runtime.CompilerServices.TaskAwaiter.HandleNonSuccessAndDebuggerNotification(Task task)
   在 System.Runtime.CompilerServices.TaskAwaiter`1.GetResult()
   在 BLL.UserInfoService.<Login>d__2.MoveNext() 位置 C:\Users\GaoShouXi\Desktop\B2CWebTemplate\BLL\UserInfoService.cs:行号 16
--- 引发异常的上一位置中堆栈跟踪的末尾 ---
   在 System.Runtime.CompilerServices.TaskAwaiter.ThrowForNonSuccess(Task task)
   在 System.Runtime.CompilerServices.TaskAwaiter.HandleNonSuccessAndDebuggerNotification(Task task)
   在 System.Runtime.CompilerServices.TaskAwaiter`1.GetResult()
   在 B2CWebTemplate.Controllers.LoginController.<BaseLogin>d__7.MoveNext() 位置 C:\Users\GaoShouXi\Desktop\B2CWebTemplate\B2CWebTemplate\Controllers\LoginController.cs:行号 50
--- 引发异常的上一位置中堆栈跟踪的末尾 ---
   在 System.Runtime.CompilerServices.TaskAwaiter.ThrowForNonSuccess(Task task)
   在 System.Runtime.CompilerServices.TaskAwaiter.HandleNonSuccessAndDebuggerNotification(Task task)
   在 System.Web.Mvc.Async.TaskAsyncActionDescriptor.EndExecute(IAsyncResult asyncResult)
   在 System.Web.Mvc.Async.AsyncControllerActionInvoker.<>c__DisplayClass37.<BeginInvokeAsynchronousActionMethod>b__36(IAsyncResult asyncResult)
   在 System.Web.Mvc.Async.AsyncResultWrapper.WrappedAsyncResult`1.CallEndDelegate(IAsyncResult asyncResult)
   在 System.Web.Mvc.Async.AsyncResultWrapper.WrappedAsyncResultBase`1.End()
   在 System.Web.Mvc.Async.AsyncControllerActionInvoker.EndInvokeActionMethod(IAsyncResult asyncResult)
   在 System.Web.Mvc.Async.AsyncControllerActionInvoker.AsyncInvocationWithFilters.<InvokeActionMethodFilterAsynchronouslyRecursive>b__3d()
   在 System.Web.Mvc.Async.AsyncControllerActionInvoker.AsyncInvocationWithFilters.<>c__DisplayClass46.<InvokeActionMethodFilterAsynchronouslyRecursive>b__3f()
   在 System.Web.Mvc.Async.AsyncControllerActionInvoker.<>c__DisplayClass33.<BeginInvokeActionMethodWithFilters>b__32(IAsyncResult asyncResult)
   在 System.Web.Mvc.Async.AsyncResultWrapper.WrappedAsyncResult`1.CallEndDelegate(IAsyncResult asyncResult)
   在 System.Web.Mvc.Async.AsyncResultWrapper.WrappedAsyncResultBase`1.End()
   在 System.Web.Mvc.Async.AsyncControllerActionInvoker.EndInvokeActionMethodWithFilters(IAsyncResult asyncResult)
   在 System.Web.Mvc.Async.AsyncControllerActionInvoker.<>c__DisplayClass21.<>c__DisplayClass2b.<BeginInvokeAction>b__1c()
   在 System.Web.Mvc.Async.AsyncControllerActionInvoker.<>c__DisplayClass21.<BeginInvokeAction>b__1e(IAsyncResult asyncResult) LogService.NLogWriter.WriteLogInfo(C:\Users\GaoShouXi\Desktop\B2CWebTemplate\LogService\NLogWriter.cs:15) 
2017-06-19 16:51:27.0320 - ERROR:未能加载文件或程序集“DAL”或它的某一个依赖项。系统找不到指定的文件。System.IO.FileNotFoundException: 未能加载文件或程序集“DAL”或它的某一个依赖项。系统找不到指定的文件。
文件名:“DAL”
   在 System.Reflection.RuntimeAssembly._nLoad(AssemblyName fileName, String codeBase, Evidence assemblySecurity, RuntimeAssembly locationHint, StackCrawlMark& stackMark, IntPtr pPrivHostBinder, Boolean throwOnFileNotFound, Boolean forIntrospection, Boolean suppressSecurityChecks)
   在 System.Reflection.RuntimeAssembly.nLoad(AssemblyName fileName, String codeBase, Evidence assemblySecurity, RuntimeAssembly locationHint, StackCrawlMark& stackMark, IntPtr pPrivHostBinder, Boolean throwOnFileNotFound, Boolean forIntrospection, Boolean suppressSecurityChecks)
   在 System.Reflection.RuntimeAssembly.InternalLoadAssemblyName(AssemblyName assemblyRef, Evidence assemblySecurity, RuntimeAssembly reqAssembly, StackCrawlMark& stackMark, IntPtr pPrivHostBinder, Boolean throwOnFileNotFound, Boolean forIntrospection, Boolean suppressSecurityChecks)
   在 System.Reflection.RuntimeAssembly.InternalLoad(String assemblyString, Evidence assemblySecurity, StackCrawlMark& stackMark, IntPtr pPrivHostBinder, Boolean forIntrospection)
   在 System.Reflection.RuntimeAssembly.InternalLoad(String assemblyString, Evidence assemblySecurity, StackCrawlMark& stackMark, Boolean forIntrospection)
   在 System.Reflection.Assembly.Load(String assemblyString)
   在 DALFactory.StaticDalFactory.GetUserInfoDal() 位置 C:\Users\GaoShouXi\Desktop\B2CWebTemplate\DALFactory\StaticDalFactory1.cs:行号 133
   在 DALFactory.DbSession.get_UserInfoDal() 位置 C:\Users\GaoShouXi\Desktop\B2CWebTemplate\DALFactory\DbSession.cs:行号 133
   在 Repository.BaseDataRepository.<Login>d__19.MoveNext() 位置 C:\Users\GaoShouXi\Desktop\B2CWebTemplate\Repository\UserInfoDataRepository.cs:行号 34
--- 引发异常的上一位置中堆栈跟踪的末尾 ---
   在 System.Runtime.CompilerServices.TaskAwaiter.ThrowForNonSuccess(Task task)
   在 System.Runtime.CompilerServices.TaskAwaiter.HandleNonSuccessAndDebuggerNotification(Task task)
   在 System.Runtime.CompilerServices.TaskAwaiter`1.GetResult()
   在 BLL.UserInfoService.<Login>d__1.MoveNext() 位置 C:\Users\GaoShouXi\Desktop\B2CWebTemplate\BLL\UserInfoService.cs:行号 15
--- 引发异常的上一位置中堆栈跟踪的末尾 ---
   在 System.Runtime.CompilerServices.TaskAwaiter.ThrowForNonSuccess(Task task)
   在 System.Runtime.CompilerServices.TaskAwaiter.HandleNonSuccessAndDebuggerNotification(Task task)
   在 System.Runtime.CompilerServices.TaskAwaiter`1.GetResult()
   在 B2CWebTemplate.Controllers.LoginController.<BaseLogin>d__7.MoveNext() 位置 C:\Users\GaoShouXi\Desktop\B2CWebTemplate\B2CWebTemplate\Controllers\LoginController.cs:行号 50
--- 引发异常的上一位置中堆栈跟踪的末尾 ---
   在 System.Runtime.CompilerServices.TaskAwaiter.ThrowForNonSuccess(Task task)
   在 System.Runtime.CompilerServices.TaskAwaiter.HandleNonSuccessAndDebuggerNotification(Task task)
   在 System.Web.Mvc.Async.TaskAsyncActionDescriptor.EndExecute(IAsyncResult asyncResult)
   在 System.Web.Mvc.Async.AsyncControllerActionInvoker.<>c__DisplayClass37.<BeginInvokeAsynchronousActionMethod>b__36(IAsyncResult asyncResult)
   在 System.Web.Mvc.Async.AsyncResultWrapper.WrappedAsyncResult`1.CallEndDelegate(IAsyncResult asyncResult)
   在 System.Web.Mvc.Async.AsyncResultWrapper.WrappedAsyncResultBase`1.End()
   在 System.Web.Mvc.Async.AsyncControllerActionInvoker.EndInvokeActionMethod(IAsyncResult asyncResult)
   在 System.Web.Mvc.Async.AsyncControllerActionInvoker.AsyncInvocationWithFilters.<InvokeActionMethodFilterAsynchronouslyRecursive>b__3d()
   在 System.Web.Mvc.Async.AsyncControllerActionInvoker.AsyncInvocationWithFilters.<>c__DisplayClass46.<InvokeActionMethodFilterAsynchronouslyRecursive>b__3f()
   在 System.Web.Mvc.Async.AsyncControllerActionInvoker.<>c__DisplayClass33.<BeginInvokeActionMethodWithFilters>b__32(IAsyncResult asyncResult)
   在 System.Web.Mvc.Async.AsyncResultWrapper.WrappedAsyncResult`1.CallEndDelegate(IAsyncResult asyncResult)
   在 System.Web.Mvc.Async.AsyncResultWrapper.WrappedAsyncResultBase`1.End()
   在 System.Web.Mvc.Async.AsyncControllerActionInvoker.EndInvokeActionMethodWithFilters(IAsyncResult asyncResult)
   在 System.Web.Mvc.Async.AsyncControllerActionInvoker.<>c__DisplayClass21.<>c__DisplayClass2b.<BeginInvokeAction>b__1c()
   在 System.Web.Mvc.Async.AsyncControllerActionInvoker.<>c__DisplayClass21.<BeginInvokeAction>b__1e(IAsyncResult asyncResult)

=== 预绑定状态信息 ===
日志: DisplayName = DAL
 (Partial)
警告: 为程序集提供了部分绑定信息:
警告: 程序集名称: DAL | 域 ID: 2
警告: 当仅提供程序集显示名称的一部分时，将发生部分绑定。
警告: 这可能导致联编程序加载错误的程序集。
警告: 建议为程序集提供完全指定的文字标识，
警告: 并由简单名称、版本、区域性和公钥标记组成。
警告: 有关此问题的详细信息和常见解决方案，请参见白皮书 http://go.microsoft.com/fwlink/?LinkId=109270。
日志: Appbase = file:///C:/Users/GaoShouXi/Desktop/B2CWebTemplate/B2CWebTemplate/
日志: 初始 PrivatePath = C:\Users\GaoShouXi\Desktop\B2CWebTemplate\B2CWebTemplate\bin
调用程序集: DALFactory, Version=1.0.0.0, Culture=neutral, PublicKeyToken=null。
===
日志: 此绑定从 default 加载上下文开始。
日志: 正在使用应用程序配置文件: C:\Users\GaoShouXi\Desktop\B2CWebTemplate\B2CWebTemplate\web.config
日志: 使用主机配置文件: C:\Users\GaoShouXi\Documents\IISExpress\config\aspnet.config
日志: 使用 C:\Windows\Microsoft.NET\Framework\v4.0.30319\config\machine.config 的计算机配置文件。
日志: 此时没有为引用应用策略(私有、自定义、分部或基于位置的程序集绑定)。
日志: 尝试下载新的 URL file:///C:/Users/GaoShouXi/AppData/Local/Temp/Temporary ASP.NET Files/vs/fc6a4742/1da40723/DAL.DLL。
日志: 尝试下载新的 URL file:///C:/Users/GaoShouXi/AppData/Local/Temp/Temporary ASP.NET Files/vs/fc6a4742/1da40723/DAL/DAL.DLL。
日志: 尝试下载新的 URL file:///C:/Users/GaoShouXi/Desktop/B2CWebTemplate/B2CWebTemplate/bin/DAL.DLL。
日志: 尝试下载新的 URL file:///C:/Users/GaoShouXi/Desktop/B2CWebTemplate/B2CWebTemplate/bin/DAL/DAL.DLL。
日志: 尝试下载新的 URL file:///C:/Users/GaoShouXi/AppData/Local/Temp/Temporary ASP.NET Files/vs/fc6a4742/1da40723/DAL.EXE。
日志: 尝试下载新的 URL file:///C:/Users/GaoShouXi/AppData/Local/Temp/Temporary ASP.NET Files/vs/fc6a4742/1da40723/DAL/DAL.EXE。
日志: 尝试下载新的 URL file:///C:/Users/GaoShouXi/Desktop/B2CWebTemplate/B2CWebTemplate/bin/DAL.EXE。
日志: 尝试下载新的 URL file:///C:/Users/GaoShouXi/Desktop/B2CWebTemplate/B2CWebTemplate/bin/DAL/DAL.EXE。
 LogService.NLogWriter.WriteLogInfo(C:\Users\GaoShouXi\Desktop\B2CWebTemplate\LogService\NLogWriter.cs:15) 
2017-06-19 16:57:37.9156 - ERROR:未能加载文件或程序集“DAL”或它的某一个依赖项。系统找不到指定的文件。System.IO.FileNotFoundException: 未能加载文件或程序集“DAL”或它的某一个依赖项。系统找不到指定的文件。
文件名:“DAL”
   在 System.Reflection.RuntimeAssembly._nLoad(AssemblyName fileName, String codeBase, Evidence assemblySecurity, RuntimeAssembly locationHint, StackCrawlMark& stackMark, IntPtr pPrivHostBinder, Boolean throwOnFileNotFound, Boolean forIntrospection, Boolean suppressSecurityChecks)
   在 System.Reflection.RuntimeAssembly.nLoad(AssemblyName fileName, String codeBase, Evidence assemblySecurity, RuntimeAssembly locationHint, StackCrawlMark& stackMark, IntPtr pPrivHostBinder, Boolean throwOnFileNotFound, Boolean forIntrospection, Boolean suppressSecurityChecks)
   在 System.Reflection.RuntimeAssembly.InternalLoadAssemblyName(AssemblyName assemblyRef, Evidence assemblySecurity, RuntimeAssembly reqAssembly, StackCrawlMark& stackMark, IntPtr pPrivHostBinder, Boolean throwOnFileNotFound, Boolean forIntrospection, Boolean suppressSecurityChecks)
   在 System.Reflection.RuntimeAssembly.InternalLoad(String assemblyString, Evidence assemblySecurity, StackCrawlMark& stackMark, IntPtr pPrivHostBinder, Boolean forIntrospection)
   在 System.Reflection.RuntimeAssembly.InternalLoad(String assemblyString, Evidence assemblySecurity, StackCrawlMark& stackMark, Boolean forIntrospection)
   在 System.Reflection.Assembly.Load(String assemblyString)
   在 DALFactory.StaticDalFactory.GetUserInfoDal() 位置 C:\Users\GaoShouXi\Desktop\B2CWebTemplate\DALFactory\StaticDalFactory1.cs:行号 133
   在 DALFactory.DbSession.get_UserInfoDal() 位置 C:\Users\GaoShouXi\Desktop\B2CWebTemplate\DALFactory\DbSession.cs:行号 133
   在 Repository.BaseDataRepository.<Login>d__19.MoveNext() 位置 C:\Users\GaoShouXi\Desktop\B2CWebTemplate\Repository\UserInfoDataRepository.cs:行号 34
--- 引发异常的上一位置中堆栈跟踪的末尾 ---
   在 System.Runtime.CompilerServices.TaskAwaiter.ThrowForNonSuccess(Task task)
   在 System.Runtime.CompilerServices.TaskAwaiter.HandleNonSuccessAndDebuggerNotification(Task task)
   在 System.Runtime.CompilerServices.TaskAwaiter`1.GetResult()
   在 BLL.UserInfoService.<Login>d__1.MoveNext() 位置 C:\Users\GaoShouXi\Desktop\B2CWebTemplate\BLL\UserInfoService.cs:行号 15
--- 引发异常的上一位置中堆栈跟踪的末尾 ---
   在 System.Runtime.CompilerServices.TaskAwaiter.ThrowForNonSuccess(Task task)
   在 System.Runtime.CompilerServices.TaskAwaiter.HandleNonSuccessAndDebuggerNotification(Task task)
   在 System.Runtime.CompilerServices.TaskAwaiter`1.GetResult()
   在 B2CWebTemplate.Controllers.LoginController.<BaseLogin>d__7.MoveNext() 位置 C:\Users\GaoShouXi\Desktop\B2CWebTemplate\B2CWebTemplate\Controllers\LoginController.cs:行号 50
--- 引发异常的上一位置中堆栈跟踪的末尾 ---
   在 System.Runtime.CompilerServices.TaskAwaiter.ThrowForNonSuccess(Task task)
   在 System.Runtime.CompilerServices.TaskAwaiter.HandleNonSuccessAndDebuggerNotification(Task task)
   在 System.Web.Mvc.Async.TaskAsyncActionDescriptor.EndExecute(IAsyncResult asyncResult)
   在 System.Web.Mvc.Async.AsyncControllerActionInvoker.<>c__DisplayClass37.<BeginInvokeAsynchronousActionMethod>b__36(IAsyncResult asyncResult)
   在 System.Web.Mvc.Async.AsyncResultWrapper.WrappedAsyncResult`1.CallEndDelegate(IAsyncResult asyncResult)
   在 System.Web.Mvc.Async.AsyncResultWrapper.WrappedAsyncResultBase`1.End()
   在 System.Web.Mvc.Async.AsyncControllerActionInvoker.EndInvokeActionMethod(IAsyncResult asyncResult)
   在 System.Web.Mvc.Async.AsyncControllerActionInvoker.AsyncInvocationWithFilters.<InvokeActionMethodFilterAsynchronouslyRecursive>b__3d()
   在 System.Web.Mvc.Async.AsyncControllerActionInvoker.AsyncInvocationWithFilters.<>c__DisplayClass46.<InvokeActionMethodFilterAsynchronouslyRecursive>b__3f()
   在 System.Web.Mvc.Async.AsyncControllerActionInvoker.<>c__DisplayClass33.<BeginInvokeActionMethodWithFilters>b__32(IAsyncResult asyncResult)
   在 System.Web.Mvc.Async.AsyncResultWrapper.WrappedAsyncResult`1.CallEndDelegate(IAsyncResult asyncResult)
   在 System.Web.Mvc.Async.AsyncResultWrapper.WrappedAsyncResultBase`1.End()
   在 System.Web.Mvc.Async.AsyncControllerActionInvoker.EndInvokeActionMethodWithFilters(IAsyncResult asyncResult)
   在 System.Web.Mvc.Async.AsyncControllerActionInvoker.<>c__DisplayClass21.<>c__DisplayClass2b.<BeginInvokeAction>b__1c()
   在 System.Web.Mvc.Async.AsyncControllerActionInvoker.<>c__DisplayClass21.<BeginInvokeAction>b__1e(IAsyncResult asyncResult)

=== 预绑定状态信息 ===
日志: DisplayName = DAL
 (Partial)
警告: 为程序集提供了部分绑定信息:
警告: 程序集名称: DAL | 域 ID: 2
警告: 当仅提供程序集显示名称的一部分时，将发生部分绑定。
警告: 这可能导致联编程序加载错误的程序集。
警告: 建议为程序集提供完全指定的文字标识，
警告: 并由简单名称、版本、区域性和公钥标记组成。
警告: 有关此问题的详细信息和常见解决方案，请参见白皮书 http://go.microsoft.com/fwlink/?LinkId=109270。
日志: Appbase = file:///C:/Users/GaoShouXi/Desktop/B2CWebTemplate/B2CWebTemplate/
日志: 初始 PrivatePath = C:\Users\GaoShouXi\Desktop\B2CWebTemplate\B2CWebTemplate\bin
调用程序集: DALFactory, Version=1.0.0.0, Culture=neutral, PublicKeyToken=null。
===
日志: 此绑定从 default 加载上下文开始。
日志: 正在使用应用程序配置文件: C:\Users\GaoShouXi\Desktop\B2CWebTemplate\B2CWebTemplate\web.config
日志: 使用主机配置文件: C:\Users\GaoShouXi\Documents\IISExpress\config\aspnet.config
日志: 使用 C:\Windows\Microsoft.NET\Framework\v4.0.30319\config\machine.config 的计算机配置文件。
日志: 此时没有为引用应用策略(私有、自定义、分部或基于位置的程序集绑定)。
日志: 相同的绑定已出现过，因 hr = 0x80070002 而失败。

 LogService.NLogWriter.WriteLogInfo(C:\Users\GaoShouXi\Desktop\B2CWebTemplate\LogService\NLogWriter.cs:15) 
2017-06-19 17:03:47.5375 - ERROR:未能加载文件或程序集“DAL”或它的某一个依赖项。系统找不到指定的文件。System.IO.FileNotFoundException: 未能加载文件或程序集“DAL”或它的某一个依赖项。系统找不到指定的文件。
文件名:“DAL”
   在 System.Reflection.RuntimeAssembly._nLoad(AssemblyName fileName, String codeBase, Evidence assemblySecurity, RuntimeAssembly locationHint, StackCrawlMark& stackMark, IntPtr pPrivHostBinder, Boolean throwOnFileNotFound, Boolean forIntrospection, Boolean suppressSecurityChecks)
   在 System.Reflection.RuntimeAssembly.nLoad(AssemblyName fileName, String codeBase, Evidence assemblySecurity, RuntimeAssembly locationHint, StackCrawlMark& stackMark, IntPtr pPrivHostBinder, Boolean throwOnFileNotFound, Boolean forIntrospection, Boolean suppressSecurityChecks)
   在 System.Reflection.RuntimeAssembly.InternalLoadAssemblyName(AssemblyName assemblyRef, Evidence assemblySecurity, RuntimeAssembly reqAssembly, StackCrawlMark& stackMark, IntPtr pPrivHostBinder, Boolean throwOnFileNotFound, Boolean forIntrospection, Boolean suppressSecurityChecks)
   在 System.Reflection.RuntimeAssembly.InternalLoad(String assemblyString, Evidence assemblySecurity, StackCrawlMark& stackMark, IntPtr pPrivHostBinder, Boolean forIntrospection)
   在 System.Reflection.RuntimeAssembly.InternalLoad(String assemblyString, Evidence assemblySecurity, StackCrawlMark& stackMark, Boolean forIntrospection)
   在 System.Reflection.Assembly.Load(String assemblyString)
   在 DALFactory.StaticDalFactory.GetUserInfoDal() 位置 C:\Users\GaoShouXi\Desktop\B2CWebTemplate\DALFactory\StaticDalFactory1.cs:行号 133
   在 DALFactory.DbSession.get_UserInfoDal() 位置 C:\Users\GaoShouXi\Desktop\B2CWebTemplate\DALFactory\DbSession.cs:行号 133
   在 Repository.BaseDataRepository.<Login>d__19.MoveNext() 位置 C:\Users\GaoShouXi\Desktop\B2CWebTemplate\Repository\UserInfoDataRepository.cs:行号 34
--- 引发异常的上一位置中堆栈跟踪的末尾 ---
   在 System.Runtime.CompilerServices.TaskAwaiter.ThrowForNonSuccess(Task task)
   在 System.Runtime.CompilerServices.TaskAwaiter.HandleNonSuccessAndDebuggerNotification(Task task)
   在 System.Runtime.CompilerServices.TaskAwaiter`1.GetResult()
   在 BLL.UserInfoService.<Login>d__1.MoveNext() 位置 C:\Users\GaoShouXi\Desktop\B2CWebTemplate\BLL\UserInfoService.cs:行号 15
--- 引发异常的上一位置中堆栈跟踪的末尾 ---
   在 System.Runtime.CompilerServices.TaskAwaiter.ThrowForNonSuccess(Task task)
   在 System.Runtime.CompilerServices.TaskAwaiter.HandleNonSuccessAndDebuggerNotification(Task task)
   在 System.Runtime.CompilerServices.TaskAwaiter`1.GetResult()
   在 B2CWebTemplate.Controllers.LoginController.<BaseLogin>d__7.MoveNext() 位置 C:\Users\GaoShouXi\Desktop\B2CWebTemplate\B2CWebTemplate\Controllers\LoginController.cs:行号 50
--- 引发异常的上一位置中堆栈跟踪的末尾 ---
   在 System.Runtime.CompilerServices.TaskAwaiter.ThrowForNonSuccess(Task task)
   在 System.Runtime.CompilerServices.TaskAwaiter.HandleNonSuccessAndDebuggerNotification(Task task)
   在 System.Web.Mvc.Async.TaskAsyncActionDescriptor.EndExecute(IAsyncResult asyncResult)
   在 System.Web.Mvc.Async.AsyncControllerActionInvoker.<>c__DisplayClass37.<BeginInvokeAsynchronousActionMethod>b__36(IAsyncResult asyncResult)
   在 System.Web.Mvc.Async.AsyncResultWrapper.WrappedAsyncResult`1.CallEndDelegate(IAsyncResult asyncResult)
   在 System.Web.Mvc.Async.AsyncResultWrapper.WrappedAsyncResultBase`1.End()
   在 System.Web.Mvc.Async.AsyncControllerActionInvoker.EndInvokeActionMethod(IAsyncResult asyncResult)
   在 System.Web.Mvc.Async.AsyncControllerActionInvoker.AsyncInvocationWithFilters.<InvokeActionMethodFilterAsynchronouslyRecursive>b__3d()
   在 System.Web.Mvc.Async.AsyncControllerActionInvoker.AsyncInvocationWithFilters.<>c__DisplayClass46.<InvokeActionMethodFilterAsynchronouslyRecursive>b__3f()
   在 System.Web.Mvc.Async.AsyncControllerActionInvoker.<>c__DisplayClass33.<BeginInvokeActionMethodWithFilters>b__32(IAsyncResult asyncResult)
   在 System.Web.Mvc.Async.AsyncResultWrapper.WrappedAsyncResult`1.CallEndDelegate(IAsyncResult asyncResult)
   在 System.Web.Mvc.Async.AsyncResultWrapper.WrappedAsyncResultBase`1.End()
   在 System.Web.Mvc.Async.AsyncControllerActionInvoker.EndInvokeActionMethodWithFilters(IAsyncResult asyncResult)
   在 System.Web.Mvc.Async.AsyncControllerActionInvoker.<>c__DisplayClass21.<>c__DisplayClass2b.<BeginInvokeAction>b__1c()
   在 System.Web.Mvc.Async.AsyncControllerActionInvoker.<>c__DisplayClass21.<BeginInvokeAction>b__1e(IAsyncResult asyncResult)

=== 预绑定状态信息 ===
日志: DisplayName = DAL
 (Partial)
警告: 为程序集提供了部分绑定信息:
警告: 程序集名称: DAL | 域 ID: 2
警告: 当仅提供程序集显示名称的一部分时，将发生部分绑定。
警告: 这可能导致联编程序加载错误的程序集。
警告: 建议为程序集提供完全指定的文字标识，
警告: 并由简单名称、版本、区域性和公钥标记组成。
警告: 有关此问题的详细信息和常见解决方案，请参见白皮书 http://go.microsoft.com/fwlink/?LinkId=109270。
日志: Appbase = file:///C:/Users/GaoShouXi/Desktop/B2CWebTemplate/B2CWebTemplate/
日志: 初始 PrivatePath = C:\Users\GaoShouXi\Desktop\B2CWebTemplate\B2CWebTemplate\bin
调用程序集: DALFactory, Version=1.0.0.0, Culture=neutral, PublicKeyToken=null。
===
日志: 此绑定从 default 加载上下文开始。
日志: 正在使用应用程序配置文件: C:\Users\GaoShouXi\Desktop\B2CWebTemplate\B2CWebTemplate\web.config
日志: 使用主机配置文件: C:\Users\GaoShouXi\Documents\IISExpress\config\aspnet.config
日志: 使用 C:\Windows\Microsoft.NET\Framework\v4.0.30319\config\machine.config 的计算机配置文件。
日志: 此时没有为引用应用策略(私有、自定义、分部或基于位置的程序集绑定)。
日志: 尝试下载新的 URL file:///C:/Users/GaoShouXi/AppData/Local/Temp/Temporary ASP.NET Files/vs/fc6a4742/1da40723/DAL.DLL。
日志: 尝试下载新的 URL file:///C:/Users/GaoShouXi/AppData/Local/Temp/Temporary ASP.NET Files/vs/fc6a4742/1da40723/DAL/DAL.DLL。
日志: 尝试下载新的 URL file:///C:/Users/GaoShouXi/Desktop/B2CWebTemplate/B2CWebTemplate/bin/DAL.DLL。
日志: 尝试下载新的 URL file:///C:/Users/GaoShouXi/Desktop/B2CWebTemplate/B2CWebTemplate/bin/DAL/DAL.DLL。
日志: 尝试下载新的 URL file:///C:/Users/GaoShouXi/AppData/Local/Temp/Temporary ASP.NET Files/vs/fc6a4742/1da40723/DAL.EXE。
日志: 尝试下载新的 URL file:///C:/Users/GaoShouXi/AppData/Local/Temp/Temporary ASP.NET Files/vs/fc6a4742/1da40723/DAL/DAL.EXE。
日志: 尝试下载新的 URL file:///C:/Users/GaoShouXi/Desktop/B2CWebTemplate/B2CWebTemplate/bin/DAL.EXE。
日志: 尝试下载新的 URL file:///C:/Users/GaoShouXi/Desktop/B2CWebTemplate/B2CWebTemplate/bin/DAL/DAL.EXE。
 LogService.NLogWriter.WriteLogInfo(C:\Users\GaoShouXi\Desktop\B2CWebTemplate\LogService\NLogWriter.cs:15) 
2017-06-19 17:16:12.4652 - ERROR:未能加载文件或程序集“DAL”或它的某一个依赖项。系统找不到指定的文件。System.IO.FileNotFoundException: 未能加载文件或程序集“DAL”或它的某一个依赖项。系统找不到指定的文件。
文件名:“DAL”
   在 System.Reflection.RuntimeAssembly._nLoad(AssemblyName fileName, String codeBase, Evidence assemblySecurity, RuntimeAssembly locationHint, StackCrawlMark& stackMark, IntPtr pPrivHostBinder, Boolean throwOnFileNotFound, Boolean forIntrospection, Boolean suppressSecurityChecks)
   在 System.Reflection.RuntimeAssembly.nLoad(AssemblyName fileName, String codeBase, Evidence assemblySecurity, RuntimeAssembly locationHint, StackCrawlMark& stackMark, IntPtr pPrivHostBinder, Boolean throwOnFileNotFound, Boolean forIntrospection, Boolean suppressSecurityChecks)
   在 System.Reflection.RuntimeAssembly.InternalLoadAssemblyName(AssemblyName assemblyRef, Evidence assemblySecurity, RuntimeAssembly reqAssembly, StackCrawlMark& stackMark, IntPtr pPrivHostBinder, Boolean throwOnFileNotFound, Boolean forIntrospection, Boolean suppressSecurityChecks)
   在 System.Reflection.RuntimeAssembly.InternalLoad(String assemblyString, Evidence assemblySecurity, StackCrawlMark& stackMark, IntPtr pPrivHostBinder, Boolean forIntrospection)
   在 System.Reflection.RuntimeAssembly.InternalLoad(String assemblyString, Evidence assemblySecurity, StackCrawlMark& stackMark, Boolean forIntrospection)
   在 System.Reflection.Assembly.Load(String assemblyString)
   在 DALFactory.StaticDalFactory.GetUserInfoDal() 位置 C:\Users\GaoShouXi\Desktop\B2CWebTemplate\DALFactory\StaticDalFactory1.cs:行号 133
   在 DALFactory.DbSession.get_UserInfoDal() 位置 C:\Users\GaoShouXi\Desktop\B2CWebTemplate\DALFactory\DbSession.cs:行号 133
   在 Repository.BaseDataRepository.<Login>d__19.MoveNext() 位置 C:\Users\GaoShouXi\Desktop\B2CWebTemplate\Repository\BaseDataRepository.cs:行号 162
--- 引发异常的上一位置中堆栈跟踪的末尾 ---
   在 System.Runtime.CompilerServices.TaskAwaiter.ThrowForNonSuccess(Task task)
   在 System.Runtime.CompilerServices.TaskAwaiter.HandleNonSuccessAndDebuggerNotification(Task task)
   在 System.Runtime.CompilerServices.TaskAwaiter`1.GetResult()
   在 BLL.UserInfoService.<Login>d__1.MoveNext() 位置 C:\Users\GaoShouXi\Desktop\B2CWebTemplate\BLL\UserInfoService.cs:行号 15
--- 引发异常的上一位置中堆栈跟踪的末尾 ---
   在 System.Runtime.CompilerServices.TaskAwaiter.ThrowForNonSuccess(Task task)
   在 System.Runtime.CompilerServices.TaskAwaiter.HandleNonSuccessAndDebuggerNotification(Task task)
   在 System.Runtime.CompilerServices.TaskAwaiter`1.GetResult()
   在 B2CWebTemplate.Controllers.LoginController.<BaseLogin>d__7.MoveNext() 位置 C:\Users\GaoShouXi\Desktop\B2CWebTemplate\B2CWebTemplate\Controllers\LoginController.cs:行号 50
--- 引发异常的上一位置中堆栈跟踪的末尾 ---
   在 System.Runtime.CompilerServices.TaskAwaiter.ThrowForNonSuccess(Task task)
   在 System.Runtime.CompilerServices.TaskAwaiter.HandleNonSuccessAndDebuggerNotification(Task task)
   在 System.Web.Mvc.Async.TaskAsyncActionDescriptor.EndExecute(IAsyncResult asyncResult)
   在 System.Web.Mvc.Async.AsyncControllerActionInvoker.<>c__DisplayClass37.<BeginInvokeAsynchronousActionMethod>b__36(IAsyncResult asyncResult)
   在 System.Web.Mvc.Async.AsyncResultWrapper.WrappedAsyncResult`1.CallEndDelegate(IAsyncResult asyncResult)
   在 System.Web.Mvc.Async.AsyncResultWrapper.WrappedAsyncResultBase`1.End()
   在 System.Web.Mvc.Async.AsyncControllerActionInvoker.EndInvokeActionMethod(IAsyncResult asyncResult)
   在 System.Web.Mvc.Async.AsyncControllerActionInvoker.AsyncInvocationWithFilters.<InvokeActionMethodFilterAsynchronouslyRecursive>b__3d()
   在 System.Web.Mvc.Async.AsyncControllerActionInvoker.AsyncInvocationWithFilters.<>c__DisplayClass46.<InvokeActionMethodFilterAsynchronouslyRecursive>b__3f()
   在 System.Web.Mvc.Async.AsyncControllerActionInvoker.<>c__DisplayClass33.<BeginInvokeActionMethodWithFilters>b__32(IAsyncResult asyncResult)
   在 System.Web.Mvc.Async.AsyncResultWrapper.WrappedAsyncResult`1.CallEndDelegate(IAsyncResult asyncResult)
   在 System.Web.Mvc.Async.AsyncResultWrapper.WrappedAsyncResultBase`1.End()
   在 System.Web.Mvc.Async.AsyncControllerActionInvoker.EndInvokeActionMethodWithFilters(IAsyncResult asyncResult)
   在 System.Web.Mvc.Async.AsyncControllerActionInvoker.<>c__DisplayClass21.<>c__DisplayClass2b.<BeginInvokeAction>b__1c()
   在 System.Web.Mvc.Async.AsyncControllerActionInvoker.<>c__DisplayClass21.<BeginInvokeAction>b__1e(IAsyncResult asyncResult)

=== 预绑定状态信息 ===
日志: DisplayName = DAL
 (Partial)
警告: 为程序集提供了部分绑定信息:
警告: 程序集名称: DAL | 域 ID: 2
警告: 当仅提供程序集显示名称的一部分时，将发生部分绑定。
警告: 这可能导致联编程序加载错误的程序集。
警告: 建议为程序集提供完全指定的文字标识，
警告: 并由简单名称、版本、区域性和公钥标记组成。
警告: 有关此问题的详细信息和常见解决方案，请参见白皮书 http://go.microsoft.com/fwlink/?LinkId=109270。
日志: Appbase = file:///C:/Users/GaoShouXi/Desktop/B2CWebTemplate/B2CWebTemplate/
日志: 初始 PrivatePath = C:\Users\GaoShouXi\Desktop\B2CWebTemplate\B2CWebTemplate\bin
调用程序集: DALFactory, Version=1.0.0.0, Culture=neutral, PublicKeyToken=null。
===
日志: 此绑定从 default 加载上下文开始。
日志: 正在使用应用程序配置文件: C:\Users\GaoShouXi\Desktop\B2CWebTemplate\B2CWebTemplate\web.config
日志: 使用主机配置文件: C:\Users\GaoShouXi\Documents\IISExpress\config\aspnet.config
日志: 使用 C:\Windows\Microsoft.NET\Framework\v4.0.30319\config\machine.config 的计算机配置文件。
日志: 此时没有为引用应用策略(私有、自定义、分部或基于位置的程序集绑定)。
日志: 尝试下载新的 URL file:///C:/Users/GaoShouXi/AppData/Local/Temp/Temporary ASP.NET Files/vs/fc6a4742/1da40723/DAL.DLL。
日志: 尝试下载新的 URL file:///C:/Users/GaoShouXi/AppData/Local/Temp/Temporary ASP.NET Files/vs/fc6a4742/1da40723/DAL/DAL.DLL。
日志: 尝试下载新的 URL file:///C:/Users/GaoShouXi/Desktop/B2CWebTemplate/B2CWebTemplate/bin/DAL.DLL。
日志: 尝试下载新的 URL file:///C:/Users/GaoShouXi/Desktop/B2CWebTemplate/B2CWebTemplate/bin/DAL/DAL.DLL。
日志: 尝试下载新的 URL file:///C:/Users/GaoShouXi/AppData/Local/Temp/Temporary ASP.NET Files/vs/fc6a4742/1da40723/DAL.EXE。
日志: 尝试下载新的 URL file:///C:/Users/GaoShouXi/AppData/Local/Temp/Temporary ASP.NET Files/vs/fc6a4742/1da40723/DAL/DAL.EXE。
日志: 尝试下载新的 URL file:///C:/Users/GaoShouXi/Desktop/B2CWebTemplate/B2CWebTemplate/bin/DAL.EXE。
日志: 尝试下载新的 URL file:///C:/Users/GaoShouXi/Desktop/B2CWebTemplate/B2CWebTemplate/bin/DAL/DAL.EXE。
 LogService.NLogWriter.WriteLogInfo(C:\Users\GaoShouXi\Desktop\B2CWebTemplate\LogService\NLogWriter.cs:15) 

2017-06-19 17:30:10.5885 - ERROR:找不到网络路径。System.Data.SqlClient.SqlException (0x80131904): 在与 SQL Server 建立连接时出现与网络相关的或特定于实例的错误。未找到或无法访问服务器。请验证实例名称是否正确并且 SQL Server 已配置为允许远程连接。 (provider: Named Pipes Provider, error: 40 - 无法打开到 SQL Server 的连接) ---> System.ComponentModel.Win32Exception (0x80004005): 找不到网络路径。
   在 DAL.UserInfoDal.<Login>d__0.MoveNext() 位置 C:\Users\GaoShouXi\Desktop\B2CWebTemplate\DAL\UserInfoDal.cs:行号 22
--- 引发异常的上一位置中堆栈跟踪的末尾 ---
   在 System.Runtime.CompilerServices.TaskAwaiter.ThrowForNonSuccess(Task task)
   在 System.Runtime.CompilerServices.TaskAwaiter.HandleNonSuccessAndDebuggerNotification(Task task)
   在 System.Runtime.CompilerServices.TaskAwaiter`1.GetResult()
   在 Repository.BaseDataRepository.<Login>d__19.MoveNext() 位置 C:\Users\GaoShouXi\Desktop\B2CWebTemplate\Repository\BaseDataRepository.cs:行号 162
--- 引发异常的上一位置中堆栈跟踪的末尾 ---
   在 System.Runtime.CompilerServices.TaskAwaiter.ThrowForNonSuccess(Task task)
   在 System.Runtime.CompilerServices.TaskAwaiter.HandleNonSuccessAndDebuggerNotification(Task task)
   在 System.Runtime.CompilerServices.TaskAwaiter`1.GetResult()
   在 BLL.UserInfoService.<Login>d__1.MoveNext() 位置 C:\Users\GaoShouXi\Desktop\B2CWebTemplate\BLL\UserInfoService.cs:行号 15
--- 引发异常的上一位置中堆栈跟踪的末尾 ---
   在 System.Runtime.CompilerServices.TaskAwaiter.ThrowForNonSuccess(Task task)
   在 System.Runtime.CompilerServices.TaskAwaiter.HandleNonSuccessAndDebuggerNotification(Task task)
   在 System.Runtime.CompilerServices.TaskAwaiter`1.GetResult()
   在 B2CWebTemplate.Controllers.LoginController.<BaseLogin>d__7.MoveNext() 位置 C:\Users\GaoShouXi\Desktop\B2CWebTemplate\B2CWebTemplate\Controllers\LoginController.cs:行号 50
--- 引发异常的上一位置中堆栈跟踪的末尾 ---
   在 System.Runtime.CompilerServices.TaskAwaiter.ThrowForNonSuccess(Task task)
   在 System.Runtime.CompilerServices.TaskAwaiter.HandleNonSuccessAndDebuggerNotification(Task task)
   在 System.Web.Mvc.Async.TaskAsyncActionDescriptor.EndExecute(IAsyncResult asyncResult)
   在 System.Web.Mvc.Async.AsyncControllerActionInvoker.<>c__DisplayClass37.<BeginInvokeAsynchronousActionMethod>b__36(IAsyncResult asyncResult)
   在 System.Web.Mvc.Async.AsyncResultWrapper.WrappedAsyncResult`1.CallEndDelegate(IAsyncResult asyncResult)
   在 System.Web.Mvc.Async.AsyncResultWrapper.WrappedAsyncResultBase`1.End()
   在 System.Web.Mvc.Async.AsyncControllerActionInvoker.EndInvokeActionMethod(IAsyncResult asyncResult)
   在 System.Web.Mvc.Async.AsyncControllerActionInvoker.AsyncInvocationWithFilters.<InvokeActionMethodFilterAsynchronouslyRecursive>b__3d()
   在 System.Web.Mvc.Async.AsyncControllerActionInvoker.AsyncInvocationWithFilters.<>c__DisplayClass46.<InvokeActionMethodFilterAsynchronouslyRecursive>b__3f()
   在 System.Web.Mvc.Async.AsyncControllerActionInvoker.<>c__DisplayClass33.<BeginInvokeActionMethodWithFilters>b__32(IAsyncResult asyncResult)
   在 System.Web.Mvc.Async.AsyncResultWrapper.WrappedAsyncResult`1.CallEndDelegate(IAsyncResult asyncResult)
   在 System.Web.Mvc.Async.AsyncResultWrapper.WrappedAsyncResultBase`1.End()
   在 System.Web.Mvc.Async.AsyncControllerActionInvoker.EndInvokeActionMethodWithFilters(IAsyncResult asyncResult)
   在 System.Web.Mvc.Async.AsyncControllerActionInvoker.<>c__DisplayClass21.<>c__DisplayClass2b.<BeginInvokeAction>b__1c()
   在 System.Web.Mvc.Async.AsyncControllerActionInvoker.<>c__DisplayClass21.<BeginInvokeAction>b__1e(IAsyncResult asyncResult)
ClientConnectionId:00000000-0000-0000-0000-000000000000
Error Number:53,State:0,Class:20 LogService.NLogWriter.WriteLogInfo(C:\Users\GaoShouXi\Desktop\B2CWebTemplate\LogService\NLogWriter.cs:15) 
2017-06-19 17:44:51.8837 - ERROR:找不到网络路径。System.Data.SqlClient.SqlException (0x80131904): 在与 SQL Server 建立连接时出现与网络相关的或特定于实例的错误。未找到或无法访问服务器。请验证实例名称是否正确并且 SQL Server 已配置为允许远程连接。 (provider: Named Pipes Provider, error: 40 - 无法打开到 SQL Server 的连接) ---> System.ComponentModel.Win32Exception (0x80004005): 找不到网络路径。
   在 DAL.UserInfoDal.<Login>d__0.MoveNext() 位置 C:\Users\GaoShouXi\Desktop\B2CWebTemplate\DAL\UserInfoDal.cs:行号 22
--- 引发异常的上一位置中堆栈跟踪的末尾 ---
   在 System.Runtime.CompilerServices.TaskAwaiter.ThrowForNonSuccess(Task task)
   在 System.Runtime.CompilerServices.TaskAwaiter.HandleNonSuccessAndDebuggerNotification(Task task)
   在 System.Runtime.CompilerServices.TaskAwaiter`1.GetResult()
   在 Repository.BaseDataRepository.<Login>d__19.MoveNext() 位置 C:\Users\GaoShouXi\Desktop\B2CWebTemplate\Repository\BaseDataRepository.cs:行号 162
--- 引发异常的上一位置中堆栈跟踪的末尾 ---
   在 System.Runtime.CompilerServices.TaskAwaiter.ThrowForNonSuccess(Task task)
   在 System.Runtime.CompilerServices.TaskAwaiter.HandleNonSuccessAndDebuggerNotification(Task task)
   在 System.Runtime.CompilerServices.TaskAwaiter`1.GetResult()
   在 BLL.UserInfoService.<Login>d__1.MoveNext() 位置 C:\Users\GaoShouXi\Desktop\B2CWebTemplate\BLL\UserInfoService.cs:行号 15
--- 引发异常的上一位置中堆栈跟踪的末尾 ---
   在 System.Runtime.CompilerServices.TaskAwaiter.ThrowForNonSuccess(Task task)
   在 System.Runtime.CompilerServices.TaskAwaiter.HandleNonSuccessAndDebuggerNotification(Task task)
   在 System.Runtime.CompilerServices.TaskAwaiter`1.GetResult()
   在 B2CWebTemplate.Controllers.LoginController.<BaseLogin>d__7.MoveNext() 位置 C:\Users\GaoShouXi\Desktop\B2CWebTemplate\B2CWebTemplate\Controllers\LoginController.cs:行号 50
--- 引发异常的上一位置中堆栈跟踪的末尾 ---
   在 System.Runtime.CompilerServices.TaskAwaiter.ThrowForNonSuccess(Task task)
   在 System.Runtime.CompilerServices.TaskAwaiter.HandleNonSuccessAndDebuggerNotification(Task task)
   在 System.Web.Mvc.Async.TaskAsyncActionDescriptor.EndExecute(IAsyncResult asyncResult)
   在 System.Web.Mvc.Async.AsyncControllerActionInvoker.<>c__DisplayClass37.<BeginInvokeAsynchronousActionMethod>b__36(IAsyncResult asyncResult)
   在 System.Web.Mvc.Async.AsyncResultWrapper.WrappedAsyncResult`1.CallEndDelegate(IAsyncResult asyncResult)
   在 System.Web.Mvc.Async.AsyncResultWrapper.WrappedAsyncResultBase`1.End()
   在 System.Web.Mvc.Async.AsyncControllerActionInvoker.EndInvokeActionMethod(IAsyncResult asyncResult)
   在 System.Web.Mvc.Async.AsyncControllerActionInvoker.AsyncInvocationWithFilters.<InvokeActionMethodFilterAsynchronouslyRecursive>b__3d()
   在 System.Web.Mvc.Async.AsyncControllerActionInvoker.AsyncInvocationWithFilters.<>c__DisplayClass46.<InvokeActionMethodFilterAsynchronouslyRecursive>b__3f()
   在 System.Web.Mvc.Async.AsyncControllerActionInvoker.<>c__DisplayClass33.<BeginInvokeActionMethodWithFilters>b__32(IAsyncResult asyncResult)
   在 System.Web.Mvc.Async.AsyncResultWrapper.WrappedAsyncResult`1.CallEndDelegate(IAsyncResult asyncResult)
   在 System.Web.Mvc.Async.AsyncResultWrapper.WrappedAsyncResultBase`1.End()
   在 System.Web.Mvc.Async.AsyncControllerActionInvoker.EndInvokeActionMethodWithFilters(IAsyncResult asyncResult)
   在 System.Web.Mvc.Async.AsyncControllerActionInvoker.<>c__DisplayClass21.<>c__DisplayClass2b.<BeginInvokeAction>b__1c()
   在 System.Web.Mvc.Async.AsyncControllerActionInvoker.<>c__DisplayClass21.<BeginInvokeAction>b__1e(IAsyncResult asyncResult)
ClientConnectionId:00000000-0000-0000-0000-000000000000
Error Number:53,State:0,Class:20 LogService.NLogWriter.WriteLogInfo(C:\Users\GaoShouXi\Desktop\B2CWebTemplate\LogService\NLogWriter.cs:15) 
2017-06-19 18:05:54.8087 - ERROR:由于目标计算机积极拒绝，无法连接。 127.0.0.1:6379System.InvalidOperationException: could not connect to redis Instance at 127.0.0.1:6379 ---> System.Net.Sockets.SocketException: 由于目标计算机积极拒绝，无法连接。 127.0.0.1:6379
   在 System.Net.Sockets.Socket.Connect(IPAddress[] addresses, Int32 port)
   在 System.Net.Sockets.Socket.Connect(String host, Int32 port)
   在 ServiceStack.Redis.RedisNativeClient.Connect()
   --- 内部异常堆栈跟踪的结尾 ---
   在 ServiceStack.Redis.RedisNativeClient.Connect()
   在 ServiceStack.Redis.RedisNativeClient.AssertConnectedSocket()
   在 ServiceStack.Redis.RedisNativeClient.SendCommand(Byte[][] cmdWithBinaryArgs)
   在 ServiceStack.Redis.RedisNativeClient.SendExpectSuccess(Byte[][] cmdWithBinaryArgs)
   在 ServiceStack.Redis.RedisNativeClient.Set(String key, Byte[] value)
   在 ServiceStack.Redis.RedisClient.Set[T](String key, T value)
   在 ServiceStack.Redis.RedisClient.SetEntry(String key, String value)
   在 ServiceStack.Redis.RedisClient.Set[T](String key, T value)
   在 ServiceStack.Redis.RedisClient.Set[T](String key, T value, DateTime expiresAt)
   在 RedisDAL.RedisWriter.SetCache(String key, Object value, DateTime extDate) 位置 C:\Users\GaoShouXi\Desktop\B2CWebTemplate\RedisDAL\RedisWriter.cs:行号 32
   在 RedisDAL.RedisEntityAction.<>c__DisplayClass7_0.<SetRedisKeyValueDateTime>b__0() 位置 C:\Users\GaoShouXi\Desktop\B2CWebTemplate\RedisDAL\RedisEntityAction.cs:行号 177
   在 System.Threading.Tasks.Task`1.InnerInvoke()
   在 System.Threading.Tasks.Task.Execute()
--- 引发异常的上一位置中堆栈跟踪的末尾 ---
   在 System.Runtime.CompilerServices.TaskAwaiter.ThrowForNonSuccess(Task task)
   在 System.Runtime.CompilerServices.TaskAwaiter.HandleNonSuccessAndDebuggerNotification(Task task)
   在 System.Runtime.CompilerServices.TaskAwaiter`1.GetResult()
   在 RedisDAL.RedisEntityAction.<SetRedisKeyValueDateTime>d__7.MoveNext() 位置 C:\Users\GaoShouXi\Desktop\B2CWebTemplate\RedisDAL\RedisEntityAction.cs:行号 177
--- 引发异常的上一位置中堆栈跟踪的末尾 ---
   在 System.Runtime.CompilerServices.TaskAwaiter.ThrowForNonSuccess(Task task)
   在 System.Runtime.CompilerServices.TaskAwaiter.HandleNonSuccessAndDebuggerNotification(Task task)
   在 System.Runtime.CompilerServices.TaskAwaiter`1.GetResult()
   在 Validate.RedisCookieValidate.<AddCache>d__1.MoveNext() 位置 C:\Users\GaoShouXi\Desktop\B2CWebTemplate\Validate\RedisCookieValidate.cs:行号 17
--- 引发异常的上一位置中堆栈跟踪的末尾 ---
   在 System.Runtime.CompilerServices.TaskAwaiter.ThrowForNonSuccess(Task task)
   在 System.Runtime.CompilerServices.TaskAwaiter.HandleNonSuccessAndDebuggerNotification(Task task)
   在 System.Runtime.CompilerServices.TaskAwaiter`1.GetResult()
   在 B2CWebTemplate.Controllers.LoginController.<BaseLogin>d__7.MoveNext() 位置 C:\Users\GaoShouXi\Desktop\B2CWebTemplate\B2CWebTemplate\Controllers\LoginController.cs:行号 54
--- 引发异常的上一位置中堆栈跟踪的末尾 ---
   在 System.Runtime.CompilerServices.TaskAwaiter.ThrowForNonSuccess(Task task)
   在 System.Runtime.CompilerServices.TaskAwaiter.HandleNonSuccessAndDebuggerNotification(Task task)
   在 System.Web.Mvc.Async.TaskAsyncActionDescriptor.EndExecute(IAsyncResult asyncResult)
   在 System.Web.Mvc.Async.AsyncControllerActionInvoker.<>c__DisplayClass37.<BeginInvokeAsynchronousActionMethod>b__36(IAsyncResult asyncResult)
   在 System.Web.Mvc.Async.AsyncResultWrapper.WrappedAsyncResult`1.CallEndDelegate(IAsyncResult asyncResult)
   在 System.Web.Mvc.Async.AsyncResultWrapper.WrappedAsyncResultBase`1.End()
   在 System.Web.Mvc.Async.AsyncControllerActionInvoker.EndInvokeActionMethod(IAsyncResult asyncResult)
   在 System.Web.Mvc.Async.AsyncControllerActionInvoker.AsyncInvocationWithFilters.<InvokeActionMethodFilterAsynchronouslyRecursive>b__3d()
   在 System.Web.Mvc.Async.AsyncControllerActionInvoker.AsyncInvocationWithFilters.<>c__DisplayClass46.<InvokeActionMethodFilterAsynchronouslyRecursive>b__3f()
   在 System.Web.Mvc.Async.AsyncControllerActionInvoker.<>c__DisplayClass33.<BeginInvokeActionMethodWithFilters>b__32(IAsyncResult asyncResult)
   在 System.Web.Mvc.Async.AsyncResultWrapper.WrappedAsyncResult`1.CallEndDelegate(IAsyncResult asyncResult)
   在 System.Web.Mvc.Async.AsyncResultWrapper.WrappedAsyncResultBase`1.End()
   在 System.Web.Mvc.Async.AsyncControllerActionInvoker.EndInvokeActionMethodWithFilters(IAsyncResult asyncResult)
   在 System.Web.Mvc.Async.AsyncControllerActionInvoker.<>c__DisplayClass21.<>c__DisplayClass2b.<BeginInvokeAction>b__1c()
   在 System.Web.Mvc.Async.AsyncControllerActionInvoker.<>c__DisplayClass21.<BeginInvokeAction>b__1e(IAsyncResult asyncResult) LogService.NLogWriter.WriteLogInfo(C:\Users\GaoShouXi\Desktop\B2CWebTemplate\LogService\NLogWriter.cs:15) 
